<?xml version="1.0" encoding="utf-8"?>
<coverage line-rate="0.8332999999999999" branch-rate="0.5" version="1.9" timestamp="1681979182" lines-covered="5" lines-valid="6" branches-covered="1" branches-valid="2">
  <sources>
    <source>C:\</source>
  </sources>
  <packages>
    <package name="ClassLibrary1" line-rate="0.8332999999999999" branch-rate="0.5" complexity="2">
      <classes>
        <class name="ClassLibrary1.Class1" filename="Users\Usuario\source\repos\TestProject2\ClassLibrary1\Class1.cs" line-rate="0.8332999999999999" branch-rate="0.5" complexity="2">
          <methods>
            <method name="Lucky" signature="(System.Double,System.Double)" line-rate="0.8332999999999999" branch-rate="0.5" complexity="2">
              <lines>
                <line number="6" hits="1" branch="False" />
                <line number="7" hits="1" branch="True" condition-coverage="50% (1/2)">
                  <conditions>
                    <condition number="7" type="jump" coverage="50%" />
                  </conditions>
                </line>
                <line number="8" hits="1" branch="False" />
                <line number="9" hits="1" branch="False" />
                <line number="12" hits="0" branch="False" />
                <line number="13" hits="1" branch="False" />
              </lines>
            </method>
          </methods>
          <lines>
            <line number="6" hits="1" branch="False" />
            <line number="7" hits="1" branch="True" condition-coverage="50% (1/2)">
              <conditions>
                <condition number="7" type="jump" coverage="50%" />
              </conditions>
            </line>
            <line number="8" hits="1" branch="False" />
            <line number="9" hits="1" branch="False" />
            <line number="12" hits="0" branch="False" />
            <line number="13" hits="1" branch="False" />
          </lines>
        </class>
      </classes>
    </package>
  </packages>
</coverage>