  Determining projects to restore...
  All projects are up-to-date for restore.
  Datadog.Trace.SourceGenerators -> /home/ubuntu/dd-trace-dotnet/tracer/src/Datadog.Trace.SourceGenerators/bin/Debug/netstandard2.0/Datadog.Trace.SourceGenerators.dll
  Datadog.Trace.Tools.Analyzers -> /home/ubuntu/dd-trace-dotnet/tracer/src/Datadog.Trace.Tools.Analyzers/bin/Debug/netstandard2.0/Datadog.Trace.Tools.Analyzers.dll
  Datadog.Trace.Annotations -> /home/ubuntu/dd-trace-dotnet/tracer/src/Datadog.Trace.Annotations/bin/Debug/netstandard2.0/Datadog.Trace.Annotations.dll
  Datadog.Trace -> /home/ubuntu/dd-trace-dotnet/tracer/src/Datadog.Trace/bin/Debug/netstandard2.0/Datadog.Trace.dll
  Datadog.Trace -> /home/ubuntu/dd-trace-dotnet/tracer/src/Datadog.Trace/bin/Debug/netcoreapp3.1/Datadog.Trace.dll
  Datadog.Trace -> /home/ubuntu/dd-trace-dotnet/tracer/src/Datadog.Trace/bin/Debug/net6.0/Datadog.Trace.dll
  Datadog.Trace.TestHelpers -> /home/ubuntu/dd-trace-dotnet/tracer/test/Datadog.Trace.TestHelpers/bin/Debug/netcoreapp3.0/Datadog.Trace.TestHelpers.dll
  Datadog.Trace.TestHelpers -> /home/ubuntu/dd-trace-dotnet/tracer/test/Datadog.Trace.TestHelpers/bin/Debug/netcoreapp2.1/Datadog.Trace.TestHelpers.dll
  Datadog.Trace.TestHelpers -> /home/ubuntu/dd-trace-dotnet/tracer/test/Datadog.Trace.TestHelpers/bin/Debug/net6.0/Datadog.Trace.TestHelpers.dll
  Datadog.Trace.TestHelpers -> /home/ubuntu/dd-trace-dotnet/tracer/test/Datadog.Trace.TestHelpers/bin/Debug/net8.0/Datadog.Trace.TestHelpers.dll
/home/ubuntu/dd-trace-dotnet/tracer/test/Datadog.Trace.Tests/DiagnosticListeners/AspNetCoreResourceNameHelperTests.cs(9,17): error CS0234: The type or namespace name 'AspNetCore' does not exist in the namespace 'Microsoft' (are you missing an assembly reference?) [/home/ubuntu/dd-trace-dotnet/tracer/test/Datadog.Trace.Tests/Datadog.Trace.Tests.csproj::TargetFramework=netcoreapp2.1]
/home/ubuntu/dd-trace-dotnet/tracer/test/Datadog.Trace.Tests/DiagnosticListeners/AspNetCoreResourceNameHelperTests.cs(10,17): error CS0234: The type or namespace name 'AspNetCore' does not exist in the namespace 'Microsoft' (are you missing an assembly reference?) [/home/ubuntu/dd-trace-dotnet/tracer/test/Datadog.Trace.Tests/Datadog.Trace.Tests.csproj::TargetFramework=netcoreapp2.1]
/home/ubuntu/dd-trace-dotnet/tracer/test/Datadog.Trace.Tests/DiagnosticListeners/AspNetCoreResourceNameHelperTests.cs(11,17): error CS0234: The type or namespace name 'AspNetCore' does not exist in the namespace 'Microsoft' (are you missing an assembly reference?) [/home/ubuntu/dd-trace-dotnet/tracer/test/Datadog.Trace.Tests/Datadog.Trace.Tests.csproj::TargetFramework=netcoreapp2.1]
/home/ubuntu/dd-trace-dotnet/tracer/test/Datadog.Trace.Tests/DiagnosticListeners/AspNetCoreResourceNameHelperTests.cs(12,17): error CS0234: The type or namespace name 'AspNetCore' does not exist in the namespace 'Microsoft' (are you missing an assembly reference?) [/home/ubuntu/dd-trace-dotnet/tracer/test/Datadog.Trace.Tests/Datadog.Trace.Tests.csproj::TargetFramework=netcoreapp2.1]
/home/ubuntu/dd-trace-dotnet/tracer/test/Datadog.Trace.Tests/HttpClientIntegrationTests.cs(10,17): error CS0234: The type or namespace name 'AspNetCore' does not exist in the namespace 'Microsoft' (are you missing an assembly reference?) [/home/ubuntu/dd-trace-dotnet/tracer/test/Datadog.Trace.Tests/Datadog.Trace.Tests.csproj::TargetFramework=netcoreapp2.1]
/home/ubuntu/dd-trace-dotnet/tracer/test/Datadog.Trace.Tests/HttpClientIntegrationTests.cs(11,17): error CS0234: The type or namespace name 'AspNetCore' does not exist in the namespace 'Microsoft' (are you missing an assembly reference?) [/home/ubuntu/dd-trace-dotnet/tracer/test/Datadog.Trace.Tests/Datadog.Trace.Tests.csproj::TargetFramework=netcoreapp2.1]
/home/ubuntu/dd-trace-dotnet/tracer/test/Datadog.Trace.Tests/HttpClientIntegrationTests.cs(12,17): error CS0234: The type or namespace name 'AspNetCore' does not exist in the namespace 'Microsoft' (are you missing an assembly reference?) [/home/ubuntu/dd-trace-dotnet/tracer/test/Datadog.Trace.Tests/Datadog.Trace.Tests.csproj::TargetFramework=netcoreapp2.1]
/home/ubuntu/dd-trace-dotnet/tracer/test/Datadog.Trace.Tests/HttpClientIntegrationTests.cs(14,17): error CS0234: The type or namespace name 'AspNetCore' does not exist in the namespace 'Microsoft' (are you missing an assembly reference?) [/home/ubuntu/dd-trace-dotnet/tracer/test/Datadog.Trace.Tests/Datadog.Trace.Tests.csproj::TargetFramework=netcoreapp2.1]
/home/ubuntu/dd-trace-dotnet/tracer/test/Datadog.Trace.Tests/PlatformHelpers/AspNetCoreHttpRequestHandlerTests.cs(7,17): error CS0234: The type or namespace name 'AspNetCore' does not exist in the namespace 'Microsoft' (are you missing an assembly reference?) [/home/ubuntu/dd-trace-dotnet/tracer/test/Datadog.Trace.Tests/Datadog.Trace.Tests.csproj::TargetFramework=netcoreapp2.1]
/home/ubuntu/dd-trace-dotnet/tracer/test/Datadog.Trace.Tests/Util/UnmanagedMemoryPoolTests.cs(14,17): error CS0234: The type or namespace name 'AspNetCore' does not exist in the namespace 'Microsoft' (are you missing an assembly reference?) [/home/ubuntu/dd-trace-dotnet/tracer/test/Datadog.Trace.Tests/Datadog.Trace.Tests.csproj::TargetFramework=netcoreapp2.1]
/home/ubuntu/dd-trace-dotnet/tracer/test/Datadog.Trace.Tests/DiagnosticListeners/AspNetCoreResourceNameHelperTests.cs(19,29): error CS0246: The type or namespace name 'RouteValueDictionary' could not be found (are you missing a using directive or an assembly reference?) [/home/ubuntu/dd-trace-dotnet/tracer/test/Datadog.Trace.Tests/Datadog.Trace.Tests.csproj::TargetFramework=netcoreapp2.1]
/home/ubuntu/dd-trace-dotnet/tracer/test/Datadog.Trace.Tests/DiagnosticListeners/AspNetCoreResourceNameHelperTests.cs(28,29): error CS0246: The type or namespace name 'RouteValueDictionary' could not be found (are you missing a using directive or an assembly reference?) [/home/ubuntu/dd-trace-dotnet/tracer/test/Datadog.Trace.Tests/Datadog.Trace.Tests.csproj::TargetFramework=netcoreapp2.1]
/home/ubuntu/dd-trace-dotnet/tracer/test/Datadog.Trace.Tests/DiagnosticListeners/AspNetCoreResourceNameHelperTests.cs(35,29): error CS0246: The type or namespace name 'RouteValueDictionary' could not be found (are you missing a using directive or an assembly reference?) [/home/ubuntu/dd-trace-dotnet/tracer/test/Datadog.Trace.Tests/Datadog.Trace.Tests.csproj::TargetFramework=netcoreapp2.1]
/home/ubuntu/dd-trace-dotnet/tracer/test/Datadog.Trace.Tests/HttpClientIntegrationTests.cs(104,31): error CS0246: The type or namespace name 'IApplicationBuilder' could not be found (are you missing a using directive or an assembly reference?) [/home/ubuntu/dd-trace-dotnet/tracer/test/Datadog.Trace.Tests/Datadog.Trace.Tests.csproj::TargetFramework=netcoreapp2.1]
/home/ubuntu/dd-trace-dotnet/tracer/test/Datadog.Trace.Tests/HttpClientIntegrationTests.cs(104,56): error CS0246: The type or namespace name 'IWebHostEnvironment' could not be found (are you missing a using directive or an assembly reference?) [/home/ubuntu/dd-trace-dotnet/tracer/test/Datadog.Trace.Tests/Datadog.Trace.Tests.csproj::TargetFramework=netcoreapp2.1]
/home/ubuntu/dd-trace-dotnet/tracer/test/Datadog.Trace.Tests/Logging/DirectSubmission/ILogger/DirectSubmissionLoggerTests.cs(299,49): error CS0234: The type or namespace name 'ILogger' does not exist in the namespace 'Microsoft.Extensions.Logging' (are you missing an assembly reference?) [/home/ubuntu/dd-trace-dotnet/tracer/test/Datadog.Trace.Tests/Datadog.Trace.Tests.csproj::TargetFramework=netcoreapp2.1]
  Datadog.Trace.TestHelpers -> /home/ubuntu/dd-trace-dotnet/tracer/test/Datadog.Trace.TestHelpers/bin/Debug/netcoreapp3.1/Datadog.Trace.TestHelpers.dll
  Datadog.Trace.TestHelpers -> /home/ubuntu/dd-trace-dotnet/tracer/test/Datadog.Trace.TestHelpers/bin/Debug/net7.0/Datadog.Trace.TestHelpers.dll
  Datadog.Trace.Tests -> /home/ubuntu/dd-trace-dotnet/tracer/test/Datadog.Trace.Tests/bin/Debug/net8.0/Datadog.Trace.Tests.dll
  Datadog.Trace.Tests -> /home/ubuntu/dd-trace-dotnet/tracer/test/Datadog.Trace.Tests/bin/Debug/net6.0/Datadog.Trace.Tests.dll
  Datadog.Trace.TestHelpers -> /home/ubuntu/dd-trace-dotnet/tracer/test/Datadog.Trace.TestHelpers/bin/Debug/net5.0/Datadog.Trace.TestHelpers.dll
  Datadog.Trace.Tests -> /home/ubuntu/dd-trace-dotnet/tracer/test/Datadog.Trace.Tests/bin/Debug/netcoreapp3.0/Datadog.Trace.Tests.dll
  Datadog.Trace.Tests -> /home/ubuntu/dd-trace-dotnet/tracer/test/Datadog.Trace.Tests/bin/Debug/netcoreapp3.1/Datadog.Trace.Tests.dll
  Datadog.Trace.Tests -> /home/ubuntu/dd-trace-dotnet/tracer/test/Datadog.Trace.Tests/bin/Debug/net5.0/Datadog.Trace.Tests.dll
  Datadog.Trace.Tests -> /home/ubuntu/dd-trace-dotnet/tracer/test/Datadog.Trace.Tests/bin/Debug/net7.0/Datadog.Trace.Tests.dll
